# JRE version: OpenJDK Runtime Environment Temurin-21.0.9+10 (21.0.9+10) (build 21.0.9+10-LTS)
# Java VM: OpenJDK 64-Bit Server VM Temurin-21.0.9+10 (21.0.9+10-LTS, mixed mode, sharing, tiered, compressed oops, compressed class ptrs, parallel gc, windows-amd64)
GC Precious Log:
 CardTable entry size: 512
 CPUs: 8 total, 8 available
 Memory: 16296M
 Large Page Support: Disabled
 NUMA Support: Disabled
 Compressed Oops: Enabled (32-bit)
 Alignments: Space 512K, Generation 512K, Heap 2M
 Heap Min Capacity: 100M
 Heap Initial Capacity: 100M
 Heap Max Capacity: 2G
 Pre-touch: Disabled
 Parallel Workers: 8
Heap:
 PSYoungGen      total 4608K, used 2578K [0x00000000d5580000, 0x00000000d5b80000, 0x0000000100000000)
  eden space 4096K, 52% used [0x00000000d5580000,0x00000000d579cae8,0x00000000d5980000)
  from space 512K, 81% used [0x00000000d5a80000,0x00000000d5ae8000,0x00000000d5b00000)
  to   space 512K, 0% used [0x00000000d5b00000,0x00000000d5b00000,0x00000000d5b80000)
 ParOldGen       total 521216K, used 520771K [0x0000000080000000, 0x000000009fd00000, 0x00000000d5580000)
  object space 521216K, 99% used [0x0000000080000000,0x000000009fc90f90,0x000000009fd00000)
 Metaspace       used 81715K, committed 83392K, reserved 1179648K
  class space    used 8711K, committed 9472K, reserved 1048576K
GC Heap History (20 events):
Event: 443.339 GC heap before
{Heap before GC invocations=679 (full 3):
 PSYoungGen      total 5120K, used 4667K [0x00000000d5580000, 0x00000000d5b80000, 0x0000000100000000)
  eden space 4096K, 98% used [0x00000000d5580000,0x00000000d5972f08,0x00000000d5980000)
  from space 1024K, 60% used [0x00000000d5a00000,0x00000000d5a9c010,0x00000000d5b00000)
  to   space 512K, 0% used [0x00000000d5b00000,0x00000000d5b00000,0x00000000d5b80000)
 ParOldGen       total 513024K, used 512583K [0x0000000080000000, 0x000000009f500000, 0x00000000d5580000)
  object space 513024K, 99% used [0x0000000080000000,0x000000009f491e20,0x000000009f500000)
 Metaspace       used 81389K, committed 83072K, reserved 1179648K
  class space    used 8690K, committed 9408K, reserved 1048576K
}
Event: 443.341 GC heap after
{Heap after GC invocations=679 (full 3):
 PSYoungGen      total 4608K, used 454K [0x00000000d5580000, 0x00000000d5b80000, 0x0000000100000000)
  eden space 4096K, 0% used [0x00000000d5580000,0x00000000d5580000,0x00000000d5980000)
  from space 512K, 88% used [0x00000000d5b00000,0x00000000d5b71a60,0x00000000d5b80000)
  to   space 1024K, 0% used [0x00000000d5980000,0x00000000d5980000,0x00000000d5a80000)
 ParOldGen       total 515072K, used 514393K [0x0000000080000000, 0x000000009f700000, 0x00000000d5580000)
  object space 515072K, 99% used [0x0000000080000000,0x000000009f6566e0,0x000000009f700000)
 Metaspace       used 81389K, committed 83072K, reserved 1179648K
  class space    used 8690K, committed 9408K, reserved 1048576K
}
Event: 443.359 GC heap before
{Heap before GC invocations=680 (full 3):
 PSYoungGen      total 4608K, used 4550K [0x00000000d5580000, 0x00000000d5b80000, 0x0000000100000000)
  eden space 4096K, 100% used [0x00000000d5580000,0x00000000d5980000,0x00000000d5980000)
  from space 512K, 88% used [0x00000000d5b00000,0x00000000d5b71a60,0x00000000d5b80000)
  to   space 1024K, 0% used [0x00000000d5980000,0x00000000d5980000,0x00000000d5a80000)
 ParOldGen       total 515072K, used 514393K [0x0000000080000000, 0x000000009f700000, 0x00000000d5580000)
  object space 515072K, 99% used [0x0000000080000000,0x000000009f6566e0,0x000000009f700000)
 Metaspace       used 81398K, committed 83072K, reserved 1179648K
  class space    used 8690K, committed 9408K, reserved 1048576K
}
Event: 443.361 GC heap after
{Heap after GC invocations=680 (full 3):
 PSYoungGen      total 5120K, used 996K [0x00000000d5580000, 0x00000000d5c80000, 0x0000000100000000)
  eden space 4096K, 0% used [0x00000000d5580000,0x00000000d5580000,0x00000000d5980000)
  from space 1024K, 97% used [0x00000000d5980000,0x00000000d5a79128,0x00000000d5a80000)
  to   space 1536K, 0% used [0x00000000d5b00000,0x00000000d5b00000,0x00000000d5c80000)
 ParOldGen       total 515584K, used 515514K [0x0000000080000000, 0x000000009f780000, 0x00000000d5580000)
  object space 515584K, 99% used [0x0000000080000000,0x000000009f76e810,0x000000009f780000)
 Metaspace       used 81398K, committed 83072K, reserved 1179648K
  class space    used 8690K, committed 9408K, reserved 1048576K
}
Event: 445.810 GC heap before
{Heap before GC invocations=681 (full 3):
 PSYoungGen      total 5120K, used 4105K [0x00000000d5580000, 0x00000000d5c80000, 0x0000000100000000)
  eden space 4096K, 75% used [0x00000000d5580000,0x00000000d5889588,0x00000000d5980000)
  from space 1024K, 97% used [0x00000000d5980000,0x00000000d5a79128,0x00000000d5a80000)
  to   space 1536K, 0% used [0x00000000d5b00000,0x00000000d5b00000,0x00000000d5c80000)
 ParOldGen       total 515584K, used 515514K [0x0000000080000000, 0x000000009f780000, 0x00000000d5580000)
  object space 515584K, 99% used [0x0000000080000000,0x000000009f76e810,0x000000009f780000)
 Metaspace       used 81405K, committed 83072K, reserved 1179648K
  class space    used 8690K, committed 9408K, reserved 1048576K
}
Event: 445.812 GC heap after
{Heap after GC invocations=681 (full 3):
 PSYoungGen      total 4608K, used 288K [0x00000000d5580000, 0x00000000d5b80000, 0x0000000100000000)
  eden space 4096K, 0% used [0x00000000d5580000,0x00000000d5580000,0x00000000d5980000)
  from space 512K, 56% used [0x00000000d5b00000,0x00000000d5b48000,0x00000000d5b80000)
  to   space 1024K, 0% used [0x00000000d5980000,0x00000000d5980000,0x00000000d5a80000)
 ParOldGen       total 516608K, used 516161K [0x0000000080000000, 0x000000009f880000, 0x00000000d5580000)
  object space 516608K, 99% used [0x0000000080000000,0x000000009f810728,0x000000009f880000)
 Metaspace       used 81405K, committed 83072K, reserved 1179648K
  class space    used 8690K, committed 9408K, reserved 1048576K
}
Event: 445.822 GC heap before
{Heap before GC invocations=682 (full 3):
 PSYoungGen      total 4608K, used 4360K [0x00000000d5580000, 0x00000000d5b80000, 0x0000000100000000)
  eden space 4096K, 99% used [0x00000000d5580000,0x00000000d597a360,0x00000000d5980000)
  from space 512K, 56% used [0x00000000d5b00000,0x00000000d5b48000,0x00000000d5b80000)
  to   space 1024K, 0% used [0x00000000d5980000,0x00000000d5980000,0x00000000d5a80000)
 ParOldGen       total 516608K, used 516161K [0x0000000080000000, 0x000000009f880000, 0x00000000d5580000)
  object space 516608K, 99% used [0x0000000080000000,0x000000009f810728,0x000000009f880000)
 Metaspace       used 81405K, committed 83072K, reserved 1179648K
  class space    used 8690K, committed 9408K, reserved 1048576K
}
Event: 445.826 GC heap after
{Heap after GC invocations=682 (full 3):
 PSYoungGen      total 5120K, used 422K [0x00000000d5580000, 0x00000000d5b80000, 0x0000000100000000)
  eden space 4096K, 0% used [0x00000000d5580000,0x00000000d5580000,0x00000000d5980000)
  from space 1024K, 41% used [0x00000000d5980000,0x00000000d59e9a40,0x00000000d5a80000)
  to   space 512K, 0% used [0x00000000d5b00000,0x00000000d5b00000,0x00000000d5b80000)
 ParOldGen       total 520704K, used 519830K [0x0000000080000000, 0x000000009fc80000, 0x00000000d5580000)
  object space 520704K, 99% used [0x0000000080000000,0x000000009fba58a8,0x000000009fc80000)
 Metaspace       used 81405K, committed 83072K, reserved 1179648K
  class space    used 8690K, committed 9408K, reserved 1048576K
}
Event: 456.547 GC heap before
{Heap before GC invocations=683 (full 3):
 PSYoungGen      total 5120K, used 4518K [0x00000000d5580000, 0x00000000d5b80000, 0x0000000100000000)
  eden space 4096K, 100% used [0x00000000d5580000,0x00000000d5980000,0x00000000d5980000)
  from space 1024K, 41% used [0x00000000d5980000,0x00000000d59e9a40,0x00000000d5a80000)
  to   space 512K, 0% used [0x00000000d5b00000,0x00000000d5b00000,0x00000000d5b80000)
 ParOldGen       total 520704K, used 519830K [0x0000000080000000, 0x000000009fc80000, 0x00000000d5580000)
  object space 520704K, 99% used [0x0000000080000000,0x000000009fba58a8,0x000000009fc80000)
 Metaspace       used 81446K, committed 83072K, reserved 1179648K
  class space    used 8690K, committed 9408K, reserved 1048576K
}
Event: 456.550 GC heap after
{Heap after GC invocations=683 (full 3):
 PSYoungGen      total 4608K, used 288K [0x00000000d5580000, 0x00000000d5b80000, 0x0000000100000000)
  eden space 4096K, 0% used [0x00000000d5580000,0x00000000d5580000,0x00000000d5980000)
  from space 512K, 56% used [0x00000000d5b00000,0x00000000d5b48000,0x00000000d5b80000)
  to   space 512K, 0% used [0x00000000d5a80000,0x00000000d5a80000,0x00000000d5b00000)
 ParOldGen       total 520704K, used 519900K [0x0000000080000000, 0x000000009fc80000, 0x00000000d5580000)
  object space 520704K, 99% used [0x0000000080000000,0x000000009fbb72f8,0x000000009fc80000)
 Metaspace       used 81446K, committed 83072K, reserved 1179648K
  class space    used 8690K, committed 9408K, reserved 1048576K
}
Event: 456.588 GC heap before
{Heap before GC invocations=684 (full 3):
 PSYoungGen      total 4608K, used 4384K [0x00000000d5580000, 0x00000000d5b80000, 0x0000000100000000)
  eden space 4096K, 100% used [0x00000000d5580000,0x00000000d5980000,0x00000000d5980000)
  from space 512K, 56% used [0x00000000d5b00000,0x00000000d5b48000,0x00000000d5b80000)
  to   space 512K, 0% used [0x00000000d5a80000,0x00000000d5a80000,0x00000000d5b00000)
 ParOldGen       total 520704K, used 519900K [0x0000000080000000, 0x000000009fc80000, 0x00000000d5580000)
  object space 520704K, 99% used [0x0000000080000000,0x000000009fbb72f8,0x000000009fc80000)
 Metaspace       used 81463K, committed 83136K, reserved 1179648K
  class space    used 8691K, committed 9408K, reserved 1048576K
}
Event: 456.590 GC heap after
{Heap after GC invocations=684 (full 3):
 PSYoungGen      total 4608K, used 512K [0x00000000d5580000, 0x00000000d5b80000, 0x0000000100000000)
  eden space 4096K, 0% used [0x00000000d5580000,0x00000000d5580000,0x00000000d5980000)
  from space 512K, 100% used [0x00000000d5a80000,0x00000000d5b00000,0x00000000d5b00000)
  to   space 512K, 0% used [0x00000000d5b00000,0x00000000d5b00000,0x00000000d5b80000)
 ParOldGen       total 520704K, used 520169K [0x0000000080000000, 0x000000009fc80000, 0x00000000d5580000)
  object space 520704K, 99% used [0x0000000080000000,0x000000009fbfa670,0x000000009fc80000)
 Metaspace       used 81463K, committed 83136K, reserved 1179648K
  class space    used 8691K, committed 9408K, reserved 1048576K
}
Event: 457.064 GC heap before
{Heap before GC invocations=685 (full 3):
 PSYoungGen      total 4608K, used 4607K [0x00000000d5580000, 0x00000000d5b80000, 0x0000000100000000)
  eden space 4096K, 99% used [0x00000000d5580000,0x00000000d597ffe8,0x00000000d5980000)
  from space 512K, 100% used [0x00000000d5a80000,0x00000000d5b00000,0x00000000d5b00000)
  to   space 512K, 0% used [0x00000000d5b00000,0x00000000d5b00000,0x00000000d5b80000)
 ParOldGen       total 520704K, used 520169K [0x0000000080000000, 0x000000009fc80000, 0x00000000d5580000)
  object space 520704K, 99% used [0x0000000080000000,0x000000009fbfa670,0x000000009fc80000)
 Metaspace       used 81473K, committed 83136K, reserved 1179648K
  class space    used 8692K, committed 9408K, reserved 1048576K
}
Event: 457.067 GC heap after
{Heap after GC invocations=685 (full 3):
 PSYoungGen      total 4608K, used 320K [0x00000000d5580000, 0x00000000d5b80000, 0x0000000100000000)
  eden space 4096K, 0% used [0x00000000d5580000,0x00000000d5580000,0x00000000d5980000)
  from space 512K, 62% used [0x00000000d5b00000,0x00000000d5b50000,0x00000000d5b80000)
  to   space 512K, 0% used [0x00000000d5a80000,0x00000000d5a80000,0x00000000d5b00000)
 ParOldGen       total 520704K, used 520611K [0x0000000080000000, 0x000000009fc80000, 0x00000000d5580000)
  object space 520704K, 99% used [0x0000000080000000,0x000000009fc68f80,0x000000009fc80000)
 Metaspace       used 81473K, committed 83136K, reserved 1179648K
  class space    used 8692K, committed 9408K, reserved 1048576K
}
Event: 458.353 GC heap before
{Heap before GC invocations=686 (full 3):
 PSYoungGen      total 4608K, used 4414K [0x00000000d5580000, 0x00000000d5b80000, 0x0000000100000000)
  eden space 4096K, 99% used [0x00000000d5580000,0x00000000d597f8a8,0x00000000d5980000)
  from space 512K, 62% used [0x00000000d5b00000,0x00000000d5b50000,0x00000000d5b80000)
  to   space 512K, 0% used [0x00000000d5a80000,0x00000000d5a80000,0x00000000d5b00000)
 ParOldGen       total 520704K, used 520611K [0x0000000080000000, 0x000000009fc80000, 0x00000000d5580000)
  object space 520704K, 99% used [0x0000000080000000,0x000000009fc68f80,0x000000009fc80000)
 Metaspace       used 81482K, committed 83136K, reserved 1179648K
  class space    used 8692K, committed 9408K, reserved 1048576K
}
Event: 458.355 GC heap after
{Heap after GC invocations=686 (full 3):
 PSYoungGen      total 4608K, used 256K [0x00000000d5580000, 0x00000000d5b80000, 0x0000000100000000)
  eden space 4096K, 0% used [0x00000000d5580000,0x00000000d5580000,0x00000000d5980000)
  from space 512K, 50% used [0x00000000d5a80000,0x00000000d5ac0000,0x00000000d5b00000)
  to   space 512K, 0% used [0x00000000d5b00000,0x00000000d5b00000,0x00000000d5b80000)
 ParOldGen       total 520704K, used 520667K [0x0000000080000000, 0x000000009fc80000, 0x00000000d5580000)
  object space 520704K, 99% used [0x0000000080000000,0x000000009fc76f80,0x000000009fc80000)
 Metaspace       used 81482K, committed 83136K, reserved 1179648K
  class space    used 8692K, committed 9408K, reserved 1048576K
}
Event: 469.707 GC heap before
{Heap before GC invocations=687 (full 3):
 PSYoungGen      total 4608K, used 4352K [0x00000000d5580000, 0x00000000d5b80000, 0x0000000100000000)
  eden space 4096K, 100% used [0x00000000d5580000,0x00000000d5980000,0x00000000d5980000)
  from space 512K, 50% used [0x00000000d5a80000,0x00000000d5ac0000,0x00000000d5b00000)
  to   space 512K, 0% used [0x00000000d5b00000,0x00000000d5b00000,0x00000000d5b80000)
 ParOldGen       total 520704K, used 520667K [0x0000000080000000, 0x000000009fc80000, 0x00000000d5580000)
  object space 520704K, 99% used [0x0000000080000000,0x000000009fc76f80,0x000000009fc80000)
 Metaspace       used 81577K, committed 83200K, reserved 1179648K
  class space    used 8700K, committed 9408K, reserved 1048576K
}
Event: 469.710 GC heap after
{Heap after GC invocations=687 (full 3):
 PSYoungGen      total 4608K, used 240K [0x00000000d5580000, 0x00000000d5b80000, 0x0000000100000000)
  eden space 4096K, 0% used [0x00000000d5580000,0x00000000d5580000,0x00000000d5980000)
  from space 512K, 46% used [0x00000000d5b00000,0x00000000d5b3c010,0x00000000d5b80000)
  to   space 512K, 0% used [0x00000000d5a80000,0x00000000d5a80000,0x00000000d5b00000)
 ParOldGen       total 521216K, used 520715K [0x0000000080000000, 0x000000009fd00000, 0x00000000d5580000)
  object space 521216K, 99% used [0x0000000080000000,0x000000009fc82f90,0x000000009fd00000)
 Metaspace       used 81577K, committed 83200K, reserved 1179648K
  class space    used 8700K, committed 9408K, reserved 1048576K
}
Event: 472.040 GC heap before
{Heap before GC invocations=688 (full 3):
 PSYoungGen      total 4608K, used 4336K [0x00000000d5580000, 0x00000000d5b80000, 0x0000000100000000)
  eden space 4096K, 100% used [0x00000000d5580000,0x00000000d5980000,0x00000000d5980000)
  from space 512K, 46% used [0x00000000d5b00000,0x00000000d5b3c010,0x00000000d5b80000)
  to   space 512K, 0% used [0x00000000d5a80000,0x00000000d5a80000,0x00000000d5b00000)
 ParOldGen       total 521216K, used 520715K [0x0000000080000000, 0x000000009fd00000, 0x00000000d5580000)
  object space 521216K, 99% used [0x0000000080000000,0x000000009fc82f90,0x000000009fd00000)
 Metaspace       used 81699K, committed 83328K, reserved 1179648K
  class space    used 8709K, committed 9408K, reserved 1048576K
}
Event: 472.042 GC heap after
{Heap after GC invocations=688 (full 3):
 PSYoungGen      total 4608K, used 416K [0x00000000d5580000, 0x00000000d5b80000, 0x0000000100000000)
  eden space 4096K, 0% used [0x00000000d5580000,0x00000000d5580000,0x00000000d5980000)
  from space 512K, 81% used [0x00000000d5a80000,0x00000000d5ae8000,0x00000000d5b00000)
  to   space 512K, 0% used [0x00000000d5b00000,0x00000000d5b00000,0x00000000d5b80000)
 ParOldGen       total 521216K, used 520771K [0x0000000080000000, 0x000000009fd00000, 0x00000000d5580000)
  object space 521216K, 99% used [0x0000000080000000,0x000000009fc90f90,0x000000009fd00000)
 Metaspace       used 81699K, committed 83328K, reserved 1179648K
  class space    used 8709K, committed 9408K, reserved 1048576K
}

